<?xml version="1.0" encoding="UTF-8"?>
<!-- Generated by org.testng.reporters.JUnitReportReporter -->
<testsuite skipped="0" hostname="Leps" name="TestScripts.TestNgSample2" tests="3" failures="0" timestamp="2022-10-13T06:35:27 IST" time="0.016" errors="0">
  <testcase name="sampleMethodOne" time="0.000" classname="TestScripts.TestNgSample2"/>
  <system-out/>
  <testcase name="sampleMethodThree" time="0.016" classname="TestScripts.TestNgSample2"/>
  <system-out/>
  <testcase name="sampleMethodTwo" time="0.000" classname="TestScripts.TestNgSample2"/>
  <system-out/>
</testsuite> <!-- TestScripts.TestNgSample2 -->
