<?xml version="1.0" encoding="UTF-8"?>
<!-- Generated by org.testng.reporters.JUnitReportReporter -->
<testsuite skipped="0" hostname="Leps" name="TestScripts.TestNgSampleTest" tests="8" failures="0" timestamp="2022-10-12T20:43:24 IST" time="0.041" errors="0">
  <testcase name="sampleMethodFour" time="0.002" classname="TestScripts.TestNgSampleTest"/>
  <system-out/>
  <testcase name="sampleMethodFour" time="0.012" classname="TestScripts.TestNgSampleTest"/>
  <system-out/>
  <testcase name="sampleMethodOne" time="0.003" classname="TestScripts.TestNgSampleTest"/>
  <system-out/>
  <testcase name="sampleMethodThree" time="0.011" classname="TestScripts.TestNgSampleTest"/>
  <system-out/>
  <testcase name="sampleMethodOne" time="0.003" classname="TestScripts.TestNgSampleTest"/>
  <system-out/>
  <testcase name="sampleMethodTwo" time="0.003" classname="TestScripts.TestNgSampleTest"/>
  <system-out/>
  <testcase name="sampleMethodTwo" time="0.006" classname="TestScripts.TestNgSampleTest"/>
  <system-out/>
  <testcase name="sampleMethodThree" time="0.001" classname="TestScripts.TestNgSampleTest"/>
  <system-out/>
</testsuite> <!-- TestScripts.TestNgSampleTest -->
