<?xml version="1.0" encoding="UTF-8"?>
<!-- Generated by org.testng.reporters.JUnitReportReporter -->
<testsuite skipped="0" hostname="Leps" name="TestScripts.TestNgSample1" tests="2" failures="0" timestamp="2022-10-12T21:16:12 IST" time="4.661" errors="0">
  <testcase name="methodTwo" time="2.406" classname="TestScripts.TestNgSample1"/>
  <system-out/>
  <testcase name="methodOne" time="2.255" classname="TestScripts.TestNgSample1"/>
  <system-out/>
</testsuite> <!-- TestScripts.TestNgSample1 -->
