<?xml version="1.0" encoding="UTF-8"?>
<!-- Generated by org.testng.reporters.JUnitReportReporter -->
<testsuite skipped="0" hostname="Leps" name="com.obsqura.testscripts.DeductionPageTest" tests="1" failures="0" timestamp="27 Nov 2022 14:46:44 GMT" time="18.819" errors="0">
  <testcase name="addDeductionTest" time="18.819" classname="com.obsqura.testscripts.DeductionPageTest"/>
</testsuite> <!-- com.obsqura.testscripts.DeductionPageTest -->
