<?xml version="1.0" encoding="UTF-8"?>
<!-- Generated by org.testng.reporters.JUnitReportReporter -->
<testsuite skipped="0" hostname="Leps" name="com.obsqura.testscripts.ClientPageTest" tests="9" failures="0" timestamp="29 Nov 2022 03:53:58 GMT" time="163.233" errors="0">
  <testcase name="addingClient" time="17.414" classname="com.obsqura.testscripts.ClientPageTest"/>
  <testcase name="testClientSearchById" time="33.829" classname="com.obsqura.testscripts.ClientPageTest"/>
  <testcase name="testLoginDisplay" time="13.486" classname="com.obsqura.testscripts.ClientPageTest"/>
  <testcase name="testInvalidClient" time="22.016" classname="com.obsqura.testscripts.ClientPageTest"/>
  <testcase name="testLoginLogo" time="11.676" classname="com.obsqura.testscripts.ClientPageTest"/>
  <testcase name="testClientReset" time="19.744" classname="com.obsqura.testscripts.ClientPageTest"/>
  <testcase name="testClientResetId" time="15.335" classname="com.obsqura.testscripts.ClientPageTest"/>
  <testcase name="testClientSerach" time="20.519" classname="com.obsqura.testscripts.ClientPageTest"/>
  <testcase name="checkDisplayName" time="9.214" classname="com.obsqura.testscripts.ClientPageTest"/>
</testsuite> <!-- com.obsqura.testscripts.ClientPageTest -->
