<?xml version="1.0" encoding="UTF-8"?>
<!-- Generated by org.testng.reporters.JUnitReportReporter -->
<testsuite skipped="0" hostname="Leps" name="com.obsqura.testscripts.DeductionPageTest" tests="2" failures="0" timestamp="29 Nov 2022 03:53:58 GMT" time="27.732" errors="0">
  <testcase name="checkDisplayName" time="8.104" classname="com.obsqura.testscripts.DeductionPageTest"/>
  <testcase name="addDeductionTest" time="19.628" classname="com.obsqura.testscripts.DeductionPageTest"/>
</testsuite> <!-- com.obsqura.testscripts.DeductionPageTest -->
