<?xml version="1.0" encoding="UTF-8"?>
<!-- Generated by org.testng.reporters.JUnitReportReporter -->
<testsuite skipped="0" hostname="Leps" name="com.obsqura.testscripts.TimeSheetTest" tests="3" failures="0" timestamp="29 Nov 2022 03:53:58 GMT" time="64.388" errors="0">
  <testcase name="setGenerateInvoice" time="23.482" classname="com.obsqura.testscripts.TimeSheetTest"/>
  <testcase name="setGeneratePaySlip" time="26.847" classname="com.obsqura.testscripts.TimeSheetTest"/>
  <testcase name="setTimSheetPage" time="14.059" classname="com.obsqura.testscripts.TimeSheetTest"/>
</testsuite> <!-- com.obsqura.testscripts.TimeSheetTest -->
