<?xml version="1.0" encoding="UTF-8"?>
<!-- Generated by org.testng.reporters.JUnitReportReporter -->
<testsuite skipped="0" hostname="Leps" name="com.obsqura.testscripts.HomePageTest" tests="8" failures="0" timestamp="29 Nov 2022 03:53:58 GMT" time="123.077" errors="0">
  <testcase name="testLogout" time="12.568" classname="com.obsqura.testscripts.HomePageTest"/>
  <testcase name="testCheckTitle" time="23.282" classname="com.obsqura.testscripts.HomePageTest"/>
  <testcase name="closeBrowser" time="8.351" classname="com.obsqura.testscripts.HomePageTest"/>
  <testcase name="testInvalidCredentials" time="17.575" classname="com.obsqura.testscripts.HomePageTest"/>
  <testcase name="testResetPassword" time="10.115" classname="com.obsqura.testscripts.HomePageTest"/>
  <testcase name="testLogin" time="12.832" classname="com.obsqura.testscripts.HomePageTest"/>
  <testcase name="testCheckBox" time="11.316" classname="com.obsqura.testscripts.HomePageTest"/>
  <testcase name="testingInvalidLoginBlank" time="27.038" classname="com.obsqura.testscripts.HomePageTest"/>
</testsuite> <!-- com.obsqura.testscripts.HomePageTest -->
